14:12:30.357 [main                     ] DEBUG Logger               - Configured Logger
14:12:30.371 [main                     ] DEBUG GameApplication      - Logging settings
Title: Untitled
Version: 0.0
Width: 800
Height: 600
Fullscreen: false
Intro: false
Profiling: false
Single step:false
App Mode: DEVELOPER
Menu Key: ESCAPE
Stage Style: DECORATED
Scene Factory: class com.almasb.fxgl.app.scene.SceneFactory

14:12:30.687 [JavaFX Application Thread] DEBUG FXGLApplication      - Initializing FXGL
14:12:30.689 [JavaFX Application Thread] INFO  Engine               - FXGL-11.16 (25.05.2021 08.16) on WINDOWS (J:11.0.11 FX:16)
14:12:30.689 [JavaFX Application Thread] DEBUG Engine               - JRE Vendor Name: Amazon.com Inc.
14:12:30.689 [JavaFX Application Thread] DEBUG Engine               - Running on OS: Windows 10 version 10.0
14:12:30.689 [JavaFX Application Thread] DEBUG Engine               - Architecture: amd64
14:12:30.689 [JavaFX Application Thread] INFO  Engine               - Source code and latest versions at: https://github.com/AlmasB/FXGL
14:12:30.689 [JavaFX Application Thread] INFO  Engine               -              Join the FXGL chat at: https://gitter.im/AlmasB/FXGL
14:12:30.786 [JavaFX Application Thread] DEBUG PrimaryStageWindow   - Creating a JavaFX scene
14:12:30.836 [JavaFX Application Thread] DEBUG PrimaryStageWindow   - Target settings size: 800.0 x 600.0
14:12:30.836 [JavaFX Application Thread] DEBUG PrimaryStageWindow   - Scaled scene size:    800.0 x 600.0
14:12:30.836 [JavaFX Application Thread] DEBUG PrimaryStageWindow   - Scaled ratio: (1.0, 1.0)
14:12:30.837 [JavaFX Application Thread] DEBUG PrimaryStageWindow   - Set initial scene to FXGLStartupScene
14:12:30.842 [JavaFX Application Thread] DEBUG PrimaryStageWindow   - Opening main window
14:12:30.911 [JavaFX Application Thread] DEBUG PrimaryStageWindow   - Window border size: (14.4000244140625, 37.5999755859375)
14:12:30.911 [JavaFX Application Thread] DEBUG PrimaryStageWindow   - Scaled size: 800.0 x 600.0
14:12:30.911 [JavaFX Application Thread] DEBUG PrimaryStageWindow   - Scaled ratio: (1.0, 1.0)
14:12:30.912 [JavaFX Application Thread] DEBUG PrimaryStageWindow   - Scene size: 800.0 x 600.0
14:12:30.912 [JavaFX Application Thread] DEBUG PrimaryStageWindow   - Stage size: 814.4000244140625 x 637.5999755859375
14:12:30.918 [FXGL Background Thread 1 ] DEBUG Engine               - Initializing environment variables
14:12:30.959 [FXGL Background Thread 1 ] DEBUG FXGLAssetLoaderServi - User app class for loading assets: class game.SimpleGameApp
14:12:30.959 [FXGL Background Thread 1 ] DEBUG GameApplicationServi - Applying CSS: fxgl_dark.css
14:12:30.960 [FXGL Background Thread 1 ] DEBUG FXGLAssetLoaderServi - Loading from file system: jar:file:/C:/Users/ASuS/.m2/repository/com/github/almasb/fxgl/11.16/fxgl-11.16.jar!/fxglassets/ui/css/fxgl_dark.css
14:12:31.000 [FXGL Background Thread 1 ] DEBUG GameApplicationServi - Initializing application scenes
14:12:31.042 [FXGL Background Thread 1 ] DEBUG GameWorld            - Game world initialized
14:12:31.097 [FXGL Background Thread 1 ] DEBUG PhysicsWorld         - Physics world initialized: appHeight=600, physics.ppm=50.0
14:12:31.098 [FXGL Background Thread 1 ] DEBUG PhysicsWorld         - Using strategy: BRUTE_FORCE
14:12:31.100 [FXGL Background Thread 1 ] DEBUG GameScene            - Game scene initialized: 800x600
14:12:31.111 [FXGL Background Thread 1 ] DEBUG FXGL.DefaultMenu     - createMenuBodyGameMenu()
14:12:31.129 [FXGL Background Thread 1 ] DEBUG FXGL.DefaultMenu     - createOptionsMenu()
14:12:31.138 [FXGL Background Thread 1 ] DEBUG FXGLAssetLoaderServi - Loading from file system: jar:file:/C:/Users/ASuS/.m2/repository/com/github/almasb/fxgl/11.16/fxgl-11.16.jar!/fxglassets/textures/particles/smoke.png
14:12:31.213 [FXGL Background Thread 1 ] DEBUG FXGLAssetLoaderServi - Loading from file system: jar:file:/C:/Users/ASuS/.m2/repository/com/github/almasb/fxgl/11.16/fxgl-11.16.jar!/fxglassets/textures/particles/trace_horizontal.png
14:12:31.238 [FXGL Background Thread 1 ] DEBUG GameApplicationServi - Application scenes initialized
14:12:31.247 [FXGL Background Thread 1 ] DEBUG SystemBundleService  - Loading FXGL system data
14:12:31.251 [FXGL Background Thread 1 ] DEBUG FileSystemAccess     - Reading from: C:\Users\ASuS\Desktop\game2\system\fxgl.bundle
14:12:31.255 [FXGL Background Thread 1 ] DEBUG SystemBundleService  - Bundle FXGL: {}
14:12:31.256 [FXGL Background Thread 1 ] DEBUG UpdaterService       - Checking for updates
14:12:31.259 [FXGL Background Thread 4 ] DEBUG FXGLApplication      - Loading fonts
14:12:31.259 [FXGL Background Thread 1 ] DEBUG FXGLApplication      - Loading default localization
14:12:31.259 [FXGL Background Thread 4 ] DEBUG FXGLAssetLoaderServi - Loading from file system: jar:file:/C:/Users/ASuS/.m2/repository/com/github/almasb/fxgl/11.16/fxgl-11.16.jar!/fxglassets/ui/fonts/VarelaRound-Regular.ttf
14:12:31.260 [FXGL Background Thread 1 ] DEBUG FXGLAssetLoaderServi - Loading from file system: jar:file:/C:/Users/ASuS/.m2/repository/com/github/almasb/fxgl/11.16/fxgl-11.16.jar!/fxglassets/languages/english.lang
14:12:31.272 [FXGL Background Thread 1 ] INFO  FXGLApplication      - FXGL initialization took: 0.355 sec
14:12:31.283 [JavaFX Application Thread] DEBUG Input                - Registered new binding: action0 - Right
14:12:31.283 [JavaFX Application Thread] DEBUG Input                - Registered new binding: action1 - Left
14:12:31.283 [JavaFX Application Thread] DEBUG Input                - Registered new binding: action2 - Up
14:12:31.284 [JavaFX Application Thread] DEBUG Input                - Registered new binding: action3 - Down
14:12:31.284 [JavaFX Application Thread] DEBUG Input                - Registered new binding: action4 - F
14:12:31.284 [JavaFX Application Thread] DEBUG FXGLAssetLoaderServi - Loading from file system: jar:file:/C:/Users/ASuS/.m2/repository/com/github/almasb/fxgl/11.16/fxgl-11.16.jar!/fxglassets/textures/fxgl_icon.png
14:12:31.299 [JavaFX Application Thread] DEBUG FXGLAssetLoaderServi - Loading from file system: jar:file:/C:/Users/ASuS/.m2/repository/com/github/almasb/fxgl/11.16/fxgl-11.16.jar!/fxglassets/textures/fxgl_default_cursor.png
14:12:31.300 [JavaFX Application Thread] DEBUG Input                - Registered new binding: Screenshot - CTRL+8
14:12:31.301 [JavaFX Application Thread] DEBUG Input                - Registered new binding: System info dump - CTRL+9
14:12:31.301 [JavaFX Application Thread] DEBUG Input                - Registered new binding: Restart - CTRL+R
14:12:31.302 [JavaFX Application Thread] DEBUG Input                - Registered new binding: Toggle Debug Camera - CTRL+C
14:12:31.303 [JavaFX Application Thread] DEBUG LoopRunner           - Starting loop
14:12:31.303 [JavaFX Application Thread] DEBUG LoopRunner           - Initializing JavaFX AnimationTimerLoop
14:12:31.304 [JavaFX Application Thread] DEBUG GameApplicationServi - Starting new game
14:12:31.305 [JavaFX Application Thread] DEBUG Input                - Clearing active input actions
14:12:31.315 [JavaFX Application Thread] DEBUG GameApplicationServi - Removing overlay from FXGLStartupScene and adding to FXGLLoadingScene
14:12:31.315 [JavaFX Application Thread] DEBUG PrimaryStageWindow   - FXGLStartupScene -> FXGLLoadingScene
14:12:31.315 [JavaFX Application Thread] DEBUG GameApplicationServi - Clearing previous game
14:12:31.315 [JavaFX Application Thread] DEBUG GameScene            - Clearing game scene
14:12:31.315 [JavaFX Application Thread] DEBUG GameWorld            - Clearing game world
14:12:31.315 [JavaFX Application Thread] DEBUG PhysicsWorld         - Clearing physics world
14:12:31.316 [FXGL Background Thread 1 ] DEBUG FXGLApplication      - Initializing game
14:12:31.318 [FXGL Background Thread 1 ] DEBUG FXGLAssetLoaderServi - Loading from file system: file:/C:/Users/ASuS/Desktop/game2/target/classes/assets/textures/block.png
14:12:31.335 [FXGL Background Thread 1 ] INFO  FXGLApplication      - Game initialization took: 0.019 sec
14:12:31.347 [JavaFX Application Thread] DEBUG Input                - Clearing active input actions
14:12:31.354 [JavaFX Application Thread] DEBUG GameApplicationServi - Removing overlay from FXGLLoadingScene and adding to GameScene
14:12:31.354 [JavaFX Application Thread] DEBUG PrimaryStageWindow   - FXGLLoadingScene -> GameScene
14:12:31.430 [FXGL Background Thread 4 ] DEBUG FXGLAssetLoaderServi - Loading from file system: jar:file:/C:/Users/ASuS/.m2/repository/com/github/almasb/fxgl/11.16/fxgl-11.16.jar!/fxglassets/ui/fonts/Abel-Regular.ttf
14:12:31.432 [FXGL Background Thread 4 ] DEBUG FXGLAssetLoaderServi - Loading from file system: jar:file:/C:/Users/ASuS/.m2/repository/com/github/almasb/fxgl/11.16/fxgl-11.16.jar!/fxglassets/ui/fonts/lucida_console.ttf
14:12:31.435 [FXGL Background Thread 4 ] DEBUG FXGLAssetLoaderServi - Loading from file system: jar:file:/C:/Users/ASuS/.m2/repository/com/github/almasb/fxgl/11.16/fxgl-11.16.jar!/fxglassets/ui/fonts/Courier-Prime.ttf
14:12:31.439 [JavaFX Application Thread] DEBUG FXGLApplication      - Registering font factories with UI factory
14:12:34.260 [FXGL Background Thread 3 ] DEBUG Engine               - Logging environment variables
14:12:34.260 [FXGL Background Thread 3 ] DEBUG Engine               - achievements: []
14:12:34.260 [FXGL Background Thread 3 ] DEBUG Engine               - actualHeight: 600.0
14:12:34.261 [FXGL Background Thread 3 ] DEBUG Engine               - actualHeightProperty: ReadOnlyDoubleProperty [value: 600.0]
14:12:34.261 [FXGL Background Thread 3 ] DEBUG Engine               - actualWidth: 800.0
14:12:34.261 [FXGL Background Thread 3 ] DEBUG Engine               - actualWidthProperty: ReadOnlyDoubleProperty [value: 800.0]
14:12:34.261 [FXGL Background Thread 3 ] DEBUG Engine               - appIcon: fxgl_icon.png
14:12:34.261 [FXGL Background Thread 3 ] DEBUG Engine               - applicationMode: DEVELOPER
14:12:34.261 [FXGL Background Thread 3 ] DEBUG Engine               - cSSList: [fxgl_dark.css]
14:12:34.261 [FXGL Background Thread 3 ] DEBUG Engine               - collisionDetectionStrategy: BRUTE_FORCE
14:12:34.261 [FXGL Background Thread 3 ] DEBUG Engine               - configClass: Optional.empty
14:12:34.261 [FXGL Background Thread 3 ] DEBUG Engine               - credits: []
14:12:34.261 [FXGL Background Thread 3 ] DEBUG Engine               - defaultCursor: CursorInfo(imageName=fxgl_default_cursor.png, hotspotX=7.0, hotspotY=6.0)
14:12:34.261 [FXGL Background Thread 3 ] DEBUG Engine               - devBBoxColorProperty: ObjectProperty [value: 0xff0000ff]
14:12:34.261 [FXGL Background Thread 3 ] DEBUG Engine               - devEnableDebugCameraProperty: BooleanProperty [value: false]
14:12:34.261 [FXGL Background Thread 3 ] DEBUG Engine               - devSensorColorProperty: ObjectProperty [value: 0xffff00ff]
14:12:34.261 [FXGL Background Thread 3 ] DEBUG Engine               - devShowBBoxProperty: BooleanProperty [value: false]
14:12:34.261 [FXGL Background Thread 3 ] DEBUG Engine               - devShowPositionProperty: BooleanProperty [value: false]
14:12:34.261 [FXGL Background Thread 3 ] DEBUG Engine               - enabledMenuItems: []
14:12:34.261 [FXGL Background Thread 3 ] DEBUG Engine               - engineServices: [class com.almasb.fxgl.app.services.FXGLAssetLoaderService, class com.almasb.fxgl.app.FXGLApplication$GameApplicationService, class com.almasb.fxgl.app.services.FXGLDialogService, class com.almasb.fxgl.app.services.IOTaskExecutorService, class com.almasb.fxgl.io.FileSystemService, class com.almasb.fxgl.localization.LocalizationService, class com.almasb.fxgl.app.services.SystemBundleService, class com.almasb.fxgl.profile.SaveLoadService, class com.almasb.fxgl.ui.FXGLUIFactoryServiceProvider, class com.almasb.fxgl.ui.FXGLDialogFactoryServiceProvider, class com.almasb.fxgl.audio.AudioPlayer, class com.almasb.fxgl.notification.impl.NotificationServiceProvider, class com.almasb.fxgl.achievement.AchievementService, class com.almasb.fxgl.cutscene.CutsceneService, class com.almasb.fxgl.minigames.MiniGameService, class com.almasb.fxgl.net.NetService, class com.almasb.fxgl.app.services.UpdaterService, class com.almasb.fxgl.dev.DevService]
14:12:34.261 [FXGL Background Thread 3 ] DEBUG Engine               - fontGame: Abel-Regular.ttf
14:12:34.261 [FXGL Background Thread 3 ] DEBUG Engine               - fontMono: lucida_console.ttf
14:12:34.261 [FXGL Background Thread 3 ] DEBUG Engine               - fontText: Courier-Prime.ttf
14:12:34.262 [FXGL Background Thread 3 ] DEBUG Engine               - fontUI: VarelaRound-Regular.ttf
14:12:34.262 [FXGL Background Thread 3 ] DEBUG Engine               - fullScreen: BooleanProperty [value: false]
14:12:34.262 [FXGL Background Thread 3 ] DEBUG Engine               - gameDifficulty: MEDIUM
14:12:34.262 [FXGL Background Thread 3 ] DEBUG Engine               - gameDifficultyProperty: ObjectProperty [value: MEDIUM]
14:12:34.262 [FXGL Background Thread 3 ] DEBUG Engine               - globalMusicVolume: 0.5
14:12:34.262 [FXGL Background Thread 3 ] DEBUG Engine               - globalMusicVolumeProperty: DoubleProperty [value: 0.5]
14:12:34.262 [FXGL Background Thread 3 ] DEBUG Engine               - globalSoundVolume: 0.5
14:12:34.262 [FXGL Background Thread 3 ] DEBUG Engine               - globalSoundVolumeProperty: DoubleProperty [value: 0.5]
14:12:34.262 [FXGL Background Thread 3 ] DEBUG Engine               - height: 600
14:12:34.262 [FXGL Background Thread 3 ] DEBUG Engine               - is3D: false
14:12:34.262 [FXGL Background Thread 3 ] DEBUG Engine               - isAndroid: false
14:12:34.262 [FXGL Background Thread 3 ] DEBUG Engine               - isBrowser: false
14:12:34.262 [FXGL Background Thread 3 ] DEBUG Engine               - isClickFeedbackEnabled: false
14:12:34.262 [FXGL Background Thread 3 ] DEBUG Engine               - isCloseConfirmation: false
14:12:34.262 [FXGL Background Thread 3 ] DEBUG Engine               - isDesktop: true
14:12:34.262 [FXGL Background Thread 3 ] DEBUG Engine               - isDeveloperMenuEnabled: false
14:12:34.262 [FXGL Background Thread 3 ] DEBUG Engine               - isEntityPreloadEnabled: true
14:12:34.262 [FXGL Background Thread 3 ] DEBUG Engine               - isExperimentalTiledLargeMap: false
14:12:34.262 [FXGL Background Thread 3 ] DEBUG Engine               - isFileSystemWriteAllowed: true
14:12:34.262 [FXGL Background Thread 3 ] DEBUG Engine               - isFullScreenAllowed: false
14:12:34.262 [FXGL Background Thread 3 ] DEBUG Engine               - isFullScreenFromStart: false
14:12:34.263 [FXGL Background Thread 3 ] DEBUG Engine               - isGameMenuEnabled: true
14:12:34.263 [FXGL Background Thread 3 ] DEBUG Engine               - isIOS: false
14:12:34.263 [FXGL Background Thread 3 ] DEBUG Engine               - isIntroEnabled: false
14:12:34.263 [FXGL Background Thread 3 ] DEBUG Engine               - isLinux: false
14:12:34.263 [FXGL Background Thread 3 ] DEBUG Engine               - isMac: false
14:12:34.263 [FXGL Background Thread 3 ] DEBUG Engine               - isMainMenuEnabled: false
14:12:34.263 [FXGL Background Thread 3 ] DEBUG Engine               - isManualResizeEnabled: false
14:12:34.263 [FXGL Background Thread 3 ] DEBUG Engine               - isMobile: false
14:12:34.263 [FXGL Background Thread 3 ] DEBUG Engine               - isNative: false
14:12:34.263 [FXGL Background Thread 3 ] DEBUG Engine               - isPreserveResizeRatio: false
14:12:34.263 [FXGL Background Thread 3 ] DEBUG Engine               - isProfilingEnabled: false
14:12:34.263 [FXGL Background Thread 3 ] DEBUG Engine               - isScaleAffectedOnResize: true
14:12:34.263 [FXGL Background Thread 3 ] DEBUG Engine               - isSingleStep: false
14:12:34.263 [FXGL Background Thread 3 ] DEBUG Engine               - isUserProfileEnabled: false
14:12:34.263 [FXGL Background Thread 3 ] DEBUG Engine               - isWindows: true
14:12:34.263 [FXGL Background Thread 3 ] DEBUG Engine               - language: ObjectProperty [value: ENGLISH]
14:12:34.263 [FXGL Background Thread 3 ] DEBUG Engine               - menuKey: ESCAPE
14:12:34.263 [FXGL Background Thread 3 ] DEBUG Engine               - mouseSensitivity: 0.2
14:12:34.263 [FXGL Background Thread 3 ] DEBUG Engine               - notificationViewClass: class com.almasb.fxgl.notification.view.XboxNotificationView
14:12:34.263 [FXGL Background Thread 3 ] DEBUG Engine               - pixelsPerMeter: 50.0
14:12:34.263 [FXGL Background Thread 3 ] DEBUG Engine               - platform: WINDOWS
14:12:34.263 [FXGL Background Thread 3 ] DEBUG Engine               - prefHeightProperty: ReadOnlyDoubleProperty [value: 600.0]
14:12:34.263 [FXGL Background Thread 3 ] DEBUG Engine               - prefWidthProperty: ReadOnlyDoubleProperty [value: 800.0]
14:12:34.264 [FXGL Background Thread 3 ] DEBUG Engine               - profileDir: profiles/
14:12:34.264 [FXGL Background Thread 3 ] DEBUG Engine               - profileName: StringProperty [value: DEFAULT]
14:12:34.264 [FXGL Background Thread 3 ] DEBUG Engine               - randomSeed: -1
14:12:34.264 [FXGL Background Thread 3 ] DEBUG Engine               - runtimeInfo: RuntimeInfo(platform=WINDOWS, version=11.16, build=25.05.2021 08.16)
14:12:34.264 [FXGL Background Thread 3 ] DEBUG Engine               - saveFileExt: sav
14:12:34.264 [FXGL Background Thread 3 ] DEBUG Engine               - scaledHeightProp$fxgl: DoubleProperty [bound, value: 600.0]
14:12:34.264 [FXGL Background Thread 3 ] DEBUG Engine               - scaledWidthProp$fxgl: DoubleProperty [bound, value: 800.0]
14:12:34.264 [FXGL Background Thread 3 ] DEBUG Engine               - sceneFactory: com.almasb.fxgl.app.scene.SceneFactory@26b73eef
14:12:34.264 [FXGL Background Thread 3 ] DEBUG Engine               - secondsIn24h: 60
14:12:34.264 [FXGL Background Thread 3 ] DEBUG Engine               - soundMenuBack: menu/back.wav
14:12:34.264 [FXGL Background Thread 3 ] DEBUG Engine               - soundMenuPress: menu/press.wav
14:12:34.264 [FXGL Background Thread 3 ] DEBUG Engine               - soundMenuSelect: menu/select.wav
14:12:34.264 [FXGL Background Thread 3 ] DEBUG Engine               - soundNotification: core/notification.wav
14:12:34.265 [FXGL Background Thread 3 ] DEBUG Engine               - stageStyle: DECORATED
14:12:34.265 [FXGL Background Thread 3 ] DEBUG Engine               - supportedLanguages: [ENGLISH, FRENCH, GERMAN, HUNGARIAN, RUSSIAN]
14:12:34.265 [FXGL Background Thread 3 ] DEBUG Engine               - ticksPerSecond: -1
14:12:34.265 [FXGL Background Thread 3 ] DEBUG Engine               - title: Untitled
14:12:34.265 [FXGL Background Thread 3 ] DEBUG Engine               - urlGithub: https://github.com/AlmasB/FXGL
14:12:34.265 [FXGL Background Thread 3 ] DEBUG Engine               - urlLeaderboard: http://fxgl-top.herokuapp.com/
14:12:34.265 [FXGL Background Thread 3 ] DEBUG Engine               - urlPOM: https://raw.githubusercontent.com/AlmasB/FXGL/release/README.md
14:12:34.265 [FXGL Background Thread 3 ] DEBUG Engine               - userAppClass: class game.SimpleGameApp
14:12:34.265 [FXGL Background Thread 3 ] DEBUG Engine               - version: 0.0
14:12:34.265 [FXGL Background Thread 3 ] DEBUG Engine               - versionCheckDays: 7
14:12:34.265 [FXGL Background Thread 3 ] DEBUG Engine               - width: 800
14:12:34.265 [FXGL Background Thread 3 ] DEBUG Engine               - Logging services
14:12:34.265 [FXGL Background Thread 3 ] DEBUG Engine               - class com.almasb.fxgl.app.services.FXGLAssetLoaderService
14:12:34.265 [FXGL Background Thread 3 ] DEBUG Engine               - class com.almasb.fxgl.app.FXGLApplication$GameApplicationService
14:12:34.265 [FXGL Background Thread 3 ] DEBUG Engine               - class com.almasb.fxgl.app.services.FXGLDialogService
14:12:34.265 [FXGL Background Thread 3 ] DEBUG Engine               - class com.almasb.fxgl.app.services.IOTaskExecutorService
14:12:34.265 [FXGL Background Thread 3 ] DEBUG Engine               - class com.almasb.fxgl.io.FileSystemService
14:12:34.265 [FXGL Background Thread 3 ] DEBUG Engine               - class com.almasb.fxgl.localization.LocalizationService
14:12:34.265 [FXGL Background Thread 3 ] DEBUG Engine               - class com.almasb.fxgl.app.services.SystemBundleService
14:12:34.265 [FXGL Background Thread 3 ] DEBUG Engine               - class com.almasb.fxgl.profile.SaveLoadService
14:12:34.265 [FXGL Background Thread 3 ] DEBUG Engine               - class com.almasb.fxgl.ui.FXGLUIFactoryServiceProvider
14:12:34.265 [FXGL Background Thread 3 ] DEBUG Engine               - class com.almasb.fxgl.ui.FXGLDialogFactoryServiceProvider
14:12:34.265 [FXGL Background Thread 3 ] DEBUG Engine               - class com.almasb.fxgl.audio.AudioPlayer
14:12:34.265 [FXGL Background Thread 3 ] DEBUG Engine               - class com.almasb.fxgl.notification.impl.NotificationServiceProvider
14:12:34.265 [FXGL Background Thread 3 ] DEBUG Engine               - class com.almasb.fxgl.achievement.AchievementService
14:12:34.265 [FXGL Background Thread 3 ] DEBUG Engine               - class com.almasb.fxgl.cutscene.CutsceneService
14:12:34.266 [FXGL Background Thread 3 ] DEBUG Engine               - class com.almasb.fxgl.minigames.MiniGameService
14:12:34.266 [FXGL Background Thread 3 ] DEBUG Engine               - class com.almasb.fxgl.net.NetService
14:12:34.266 [FXGL Background Thread 3 ] DEBUG Engine               - class com.almasb.fxgl.app.services.UpdaterService
14:12:34.266 [FXGL Background Thread 3 ] DEBUG Engine               - class com.almasb.fxgl.dev.DevService
14:12:36.419 [JavaFX Application Thread] DEBUG FXGLApplication      - Exiting FXGL
14:12:36.419 [JavaFX Application Thread] DEBUG LoopRunner           - Stopping loop
14:12:36.420 [JavaFX Application Thread] DEBUG SystemBundleService  - Saving FXGL system data
14:12:36.421 [JavaFX Application Thread] DEBUG FileSystemAccess     - Writing to: C:\Users\ASuS\Desktop\game2\system\fxgl.bundle
14:12:36.423 [JavaFX Application Thread] DEBUG Async                - Shutting down background threads
14:12:36.423 [JavaFX Application Thread] DEBUG PrimaryStageWindow   - Closing main window
14:12:36.429 [JavaFX Application Thread] DEBUG Logger               - Closing Logger
