11:33:05.589 [JavaFX Application Thread] DEBUG GameApplication      - Logger initialized
11:33:05.591 [JavaFX Application Thread] DEBUG GameApplication      - Logging settings
Title: breakout
Version: dev
Width: 640
Height: 960
Fullscreen: false
Intro: false
Menus: false
Profiling: false
Single step:false
App Mode: DEVELOPER
Menu Key: ESCAPE
Stage Style: DECORATED
Scene Factory: class com.almasb.fxgl.scene.SceneFactory
Dialog Factory: class com.almasb.fxgl.ui.FXGLDialogFactory
UI Factory: class com.almasb.fxgl.ui.FXGLUIFactory
Notification Service: class com.almasb.fxgl.gameplay.notification.XboxNotificationView
Exception Handler: class com.almasb.fxgl.app.FXGLExceptionHandler
11:33:05.591 [JavaFX Application Thread] DEBUG GameApplication      - Starting FXGL
11:33:05.597 [JavaFX Application Thread] INFO  FXGL                 - FXGL-0.5.4 on DESKTOP
11:33:05.598 [JavaFX Application Thread] INFO  FXGL                 - Source code and latest versions at: https://github.com/AlmasB/FXGL
11:33:05.598 [JavaFX Application Thread] INFO  FXGL                 -              Join the FXGL chat at: https://gitter.im/AlmasB/FXGL
11:33:05.598 [JavaFX Application Thread] DEBUG FXGL                 - FXGL started
11:33:05.598 [JavaFX Application Thread] DEBUG FXGL                 - Initializing FXGL
11:33:05.635 [JavaFX Application Thread] DEBUG AssetLoader          - Loading from disk: /assets/ui/cursors/fxgl_default.png
11:33:05.676 [JavaFX Application Thread] DEBUG AssetLoader          - Loading from disk: /assets/ui/fonts/VarelaRound-Regular.ttf
11:33:05.860 [JavaFX Application Thread] DEBUG MainWindow           - Creating a JavaFX scene
11:33:05.894 [JavaFX Application Thread] DEBUG MainWindow           - Target settings size: 640.0 x 960.0
11:33:05.894 [JavaFX Application Thread] DEBUG MainWindow           - Scaled scene size:    640.0 x 960.0
11:33:05.895 [JavaFX Application Thread] DEBUG MainWindow           - Scaled ratio: (1.0, 1.0)
11:33:05.897 [JavaFX Application Thread] DEBUG AssetLoader          - Loading from disk: /assets/ui/css/fxgl_dark.css
11:33:05.900 [JavaFX Application Thread] DEBUG AssetLoader          - Loading from disk: /assets/textures/fxgl_icon.png
11:33:05.915 [JavaFX Application Thread] DEBUG MainWindow           - Opening main window
11:33:06.037 [JavaFX Application Thread] DEBUG MainWindow           - Window border size: (18.0, 47.0)
11:33:06.038 [JavaFX Application Thread] DEBUG MainWindow           - Scaled size: 640.0 x 960.0
11:33:06.038 [JavaFX Application Thread] DEBUG MainWindow           - Scaled ratio: (1.0, 1.0)
11:33:06.038 [JavaFX Application Thread] DEBUG MainWindow           - Scene size: 640.0 x 960.0
11:33:06.038 [JavaFX Application Thread] DEBUG MainWindow           - Stage size: 658.0 x 1007.0
11:33:06.068 [ForkJoinPool.commonPool-worker-9] DEBUG FS                   - Loaded DesktopFSService
11:33:06.068 [ForkJoinPool.commonPool-worker-9] DEBUG FXGL                 - Loading FXGL system data
11:33:06.075 [ForkJoinPool.commonPool-worker-9] DEBUG DesktopFSService     - Reading from: system\fxgl.bundle
11:33:06.086 [ForkJoinPool.commonPool-worker-9] DEBUG Bundle               - Logging bundle: FXGL
11:33:06.086 [ForkJoinPool.commonPool-worker-9] DEBUG Bundle               - FXGL.offline.timer.version.check=2021-05-28T11:31:02.589
11:33:06.087 [ForkJoinPool.commonPool-worker-9] DEBUG FXGL                 - Initializing state machine and application states
11:33:06.089 [ForkJoinPool.commonPool-worker-9] DEBUG AssetLoader          - Loading from disk: /assets/ui/cursors/fxgl_default.png
11:33:06.098 [ForkJoinPool.commonPool-worker-9] DEBUG AssetLoader          - Loading from disk: /assets/ui/cursors/fxgl_default.png
11:33:06.105 [ForkJoinPool.commonPool-worker-9] DEBUG AssetLoader          - Loading from cache: /assets/ui/fonts/VarelaRound-Regular.ttf
11:33:06.109 [ForkJoinPool.commonPool-worker-9] DEBUG AssetLoader          - Loading from disk: /assets/ui/cursors/fxgl_default.png
11:33:06.113 [ForkJoinPool.commonPool-worker-9] DEBUG GameScene            - Game scene initialized: 640x960
11:33:06.119 [ForkJoinPool.commonPool-worker-9] DEBUG GameWorld            - Game world initialized
11:33:06.161 [ForkJoinPool.commonPool-worker-9] DEBUG PhysicsWorld         - Physics world initialized: appHeight=960, physics.ppm=50.0
11:33:06.180 [ForkJoinPool.commonPool-worker-9] DEBUG Input                - Registered new binding: Pause - Esc
11:33:06.219 [JavaFX Application Thread] DEBUG FXGL                 - Running preInit()
11:33:06.220 [JavaFX Application Thread] DEBUG Input                - Registered new binding: Screenshot - P
11:33:06.220 [JavaFX Application Thread] DEBUG Input                - Registered new binding: Dev Options - CTRL+0
11:33:06.221 [JavaFX Application Thread] DEBUG Input                - Registered new binding: System info dump - CTRL+9
11:33:06.221 [JavaFX Application Thread] DEBUG Input                - Registered new binding: Restart - CTRL+R
11:33:06.222 [JavaFX Application Thread] INFO  FXGL                 - FXGL initialization took: 0.623 sec
11:33:06.222 [JavaFX Application Thread] DEBUG LoopRunner           - Starting loop
11:33:06.224 [JavaFX Application Thread] DEBUG StartupState         - STARTUP
11:33:06.224 [JavaFX Application Thread] DEBUG GameApplication      - Starting new game
11:33:06.224 [JavaFX Application Thread] DEBUG Input                - Clearing active input actions
11:33:06.225 [JavaFX Application Thread] DEBUG AssetLoader          - Loading from disk: /assets/ui/css/fxgl_dark.css
11:33:06.235 [JavaFX Application Thread] DEBUG AppStateMachine      - StartupState -> LoadingState
11:33:06.240 [FXGL Background Thread 1 ] DEBUG InitAppTask          - Clearing previous game
11:33:06.240 [FXGL Background Thread 1 ] DEBUG GameWorld            - Clearing game world
11:33:06.240 [FXGL Background Thread 1 ] DEBUG PhysicsWorld         - Clearing physics world
11:33:06.241 [FXGL Background Thread 1 ] DEBUG GameScene            - Clearing game scene
11:33:06.242 [FXGL Background Thread 1 ] DEBUG InitAppTask          - Initializing Game
11:33:06.252 [FXGL Background Thread 1 ] DEBUG InitAppTask          - Initializing Physics
11:33:06.252 [FXGL Background Thread 1 ] DEBUG InitAppTask          - Initializing UI
11:33:06.252 [FXGL Background Thread 1 ] DEBUG InitAppTask          - Initialization Complete
11:33:06.252 [FXGL Background Thread 1 ] INFO  InitAppTask          - Game initialization took: 0.013 sec
11:33:06.291 [JavaFX Application Thread] DEBUG Input                - Clearing active input actions
11:33:06.291 [JavaFX Application Thread] DEBUG AssetLoader          - Loading from disk: /assets/ui/css/fxgl_dark.css
11:33:06.297 [JavaFX Application Thread] DEBUG AppStateMachine      - LoadingState -> PlayState
11:33:08.810 [JavaFX Application Thread] DEBUG FXGL                 - Exiting FXGL
11:33:08.810 [JavaFX Application Thread] DEBUG FXGL                 - Shutting down background threads
11:33:08.811 [JavaFX Application Thread] DEBUG FXGL                 - Saving FXGL system data
11:33:08.813 [JavaFX Application Thread] DEBUG DesktopFSService     - Writing to: system\fxgl.bundle
11:33:08.815 [JavaFX Application Thread] DEBUG FXGL                 - Closing logger and exiting JavaFX
