12:19:14.814 [JavaFX Application Thread] DEBUG GameApplication      - Logger initialized
12:19:14.817 [JavaFX Application Thread] DEBUG GameApplication      - Logging settings
Title: breakout
Version: dev
Width: 640
Height: 960
Fullscreen: false
Intro: false
Menus: false
Profiling: false
Single step:false
App Mode: DEVELOPER
Menu Key: ESCAPE
Stage Style: DECORATED
Scene Factory: class com.almasb.fxgl.scene.SceneFactory
Dialog Factory: class com.almasb.fxgl.ui.FXGLDialogFactory
UI Factory: class com.almasb.fxgl.ui.FXGLUIFactory
Notification Service: class com.almasb.fxgl.gameplay.notification.XboxNotificationView
Exception Handler: class com.almasb.fxgl.app.FXGLExceptionHandler
12:19:14.817 [JavaFX Application Thread] DEBUG GameApplication      - Starting FXGL
12:19:14.824 [JavaFX Application Thread] INFO  FXGL                 - FXGL-0.5.4 on DESKTOP
12:19:14.824 [JavaFX Application Thread] INFO  FXGL                 - Source code and latest versions at: https://github.com/AlmasB/FXGL
12:19:14.824 [JavaFX Application Thread] INFO  FXGL                 -              Join the FXGL chat at: https://gitter.im/AlmasB/FXGL
12:19:14.824 [JavaFX Application Thread] DEBUG FXGL                 - FXGL started
12:19:14.824 [JavaFX Application Thread] DEBUG FXGL                 - Initializing FXGL
12:19:14.874 [JavaFX Application Thread] DEBUG AssetLoader          - Loading from disk: /assets/ui/cursors/fxgl_default.png
12:19:14.925 [JavaFX Application Thread] DEBUG AssetLoader          - Loading from disk: /assets/ui/fonts/VarelaRound-Regular.ttf
12:19:15.126 [JavaFX Application Thread] DEBUG MainWindow           - Creating a JavaFX scene
12:19:15.169 [JavaFX Application Thread] DEBUG MainWindow           - Target settings size: 640.0 x 960.0
12:19:15.170 [JavaFX Application Thread] DEBUG MainWindow           - Scaled scene size:    640.0 x 960.0
12:19:15.170 [JavaFX Application Thread] DEBUG MainWindow           - Scaled ratio: (1.0, 1.0)
12:19:15.172 [JavaFX Application Thread] DEBUG AssetLoader          - Loading from disk: /assets/ui/css/fxgl_dark.css
12:19:15.176 [JavaFX Application Thread] DEBUG AssetLoader          - Loading from disk: /assets/textures/fxgl_icon.png
12:19:15.187 [JavaFX Application Thread] DEBUG MainWindow           - Opening main window
12:19:15.331 [JavaFX Application Thread] DEBUG MainWindow           - Window border size: (18.0, 47.0)
12:19:15.331 [JavaFX Application Thread] DEBUG MainWindow           - Scaled size: 640.0 x 960.0
12:19:15.331 [JavaFX Application Thread] DEBUG MainWindow           - Scaled ratio: (1.0, 1.0)
12:19:15.331 [JavaFX Application Thread] DEBUG MainWindow           - Scene size: 640.0 x 960.0
12:19:15.331 [JavaFX Application Thread] DEBUG MainWindow           - Stage size: 658.0 x 1007.0
12:19:15.369 [ForkJoinPool.commonPool-worker-9] DEBUG FS                   - Loaded DesktopFSService
12:19:15.370 [ForkJoinPool.commonPool-worker-9] DEBUG FXGL                 - Loading FXGL system data
12:19:15.379 [ForkJoinPool.commonPool-worker-9] DEBUG DesktopFSService     - Reading from: system\fxgl.bundle
12:19:15.390 [ForkJoinPool.commonPool-worker-9] DEBUG Bundle               - Logging bundle: FXGL
12:19:15.391 [ForkJoinPool.commonPool-worker-9] DEBUG Bundle               - FXGL.offline.timer.version.check=2021-05-28T11:31:02.589
12:19:15.391 [ForkJoinPool.commonPool-worker-9] DEBUG FXGL                 - Initializing state machine and application states
12:19:15.393 [ForkJoinPool.commonPool-worker-9] DEBUG AssetLoader          - Loading from disk: /assets/ui/cursors/fxgl_default.png
12:19:15.397 [ForkJoinPool.commonPool-worker-9] DEBUG AssetLoader          - Loading from disk: /assets/ui/cursors/fxgl_default.png
12:19:15.405 [ForkJoinPool.commonPool-worker-9] DEBUG AssetLoader          - Loading from cache: /assets/ui/fonts/VarelaRound-Regular.ttf
12:19:15.408 [ForkJoinPool.commonPool-worker-9] DEBUG AssetLoader          - Loading from disk: /assets/ui/cursors/fxgl_default.png
12:19:15.410 [ForkJoinPool.commonPool-worker-9] DEBUG GameScene            - Game scene initialized: 640x960
12:19:15.416 [ForkJoinPool.commonPool-worker-9] DEBUG GameWorld            - Game world initialized
12:19:15.464 [ForkJoinPool.commonPool-worker-9] DEBUG PhysicsWorld         - Physics world initialized: appHeight=960, physics.ppm=50.0
12:19:15.479 [ForkJoinPool.commonPool-worker-9] DEBUG Input                - Registered new binding: Pause - Esc
12:19:15.520 [JavaFX Application Thread] DEBUG FXGL                 - Running preInit()
12:19:15.521 [JavaFX Application Thread] DEBUG Input                - Registered new binding: Screenshot - P
12:19:15.521 [JavaFX Application Thread] DEBUG Input                - Registered new binding: Dev Options - CTRL+0
12:19:15.521 [JavaFX Application Thread] DEBUG Input                - Registered new binding: System info dump - CTRL+9
12:19:15.522 [JavaFX Application Thread] DEBUG Input                - Registered new binding: Restart - CTRL+R
12:19:15.522 [JavaFX Application Thread] INFO  FXGL                 - FXGL initialization took: 0.698 sec
12:19:15.522 [JavaFX Application Thread] DEBUG LoopRunner           - Starting loop
12:19:15.523 [JavaFX Application Thread] DEBUG StartupState         - STARTUP
12:19:15.524 [JavaFX Application Thread] DEBUG GameApplication      - Starting new game
12:19:15.524 [JavaFX Application Thread] DEBUG Input                - Clearing active input actions
12:19:15.524 [JavaFX Application Thread] DEBUG AssetLoader          - Loading from disk: /assets/ui/css/fxgl_dark.css
12:19:15.529 [JavaFX Application Thread] DEBUG AppStateMachine      - StartupState -> LoadingState
12:19:15.534 [FXGL Background Thread 1 ] DEBUG InitAppTask          - Clearing previous game
12:19:15.534 [FXGL Background Thread 1 ] DEBUG GameWorld            - Clearing game world
12:19:15.535 [FXGL Background Thread 1 ] DEBUG PhysicsWorld         - Clearing physics world
12:19:15.535 [FXGL Background Thread 1 ] DEBUG GameScene            - Clearing game scene
12:19:15.536 [FXGL Background Thread 1 ] DEBUG InitAppTask          - Initializing Game
12:19:15.544 [FXGL Background Thread 1 ] DEBUG InitAppTask          - Initializing Physics
12:19:15.544 [FXGL Background Thread 1 ] DEBUG InitAppTask          - Initializing UI
12:19:15.545 [FXGL Background Thread 1 ] DEBUG InitAppTask          - Initialization Complete
12:19:15.545 [FXGL Background Thread 1 ] INFO  InitAppTask          - Game initialization took: 0.011 sec
12:19:15.577 [JavaFX Application Thread] DEBUG Input                - Clearing active input actions
12:19:15.578 [JavaFX Application Thread] DEBUG AssetLoader          - Loading from disk: /assets/ui/css/fxgl_dark.css
12:19:15.582 [JavaFX Application Thread] DEBUG AppStateMachine      - LoadingState -> PlayState
12:19:20.683 [JavaFX Application Thread] DEBUG FXGL                 - Exiting FXGL
12:19:20.683 [JavaFX Application Thread] DEBUG FXGL                 - Shutting down background threads
12:19:20.683 [JavaFX Application Thread] DEBUG FXGL                 - Saving FXGL system data
12:19:20.685 [JavaFX Application Thread] DEBUG DesktopFSService     - Writing to: system\fxgl.bundle
12:19:20.688 [JavaFX Application Thread] DEBUG FXGL                 - Closing logger and exiting JavaFX
