12:20:30.809 [JavaFX Application Thread] DEBUG GameApplication      - Logger initialized
12:20:30.811 [JavaFX Application Thread] DEBUG GameApplication      - Logging settings
Title: breakout
Version: dev
Width: 640
Height: 960
Fullscreen: false
Intro: false
Menus: true
Profiling: false
Single step:false
App Mode: DEVELOPER
Menu Key: ESCAPE
Stage Style: DECORATED
Scene Factory: class com.almasb.fxgl.scene.SceneFactory
Dialog Factory: class com.almasb.fxgl.ui.FXGLDialogFactory
UI Factory: class com.almasb.fxgl.ui.FXGLUIFactory
Notification Service: class com.almasb.fxgl.gameplay.notification.XboxNotificationView
Exception Handler: class com.almasb.fxgl.app.FXGLExceptionHandler
12:20:30.811 [JavaFX Application Thread] DEBUG GameApplication      - Starting FXGL
12:20:30.817 [JavaFX Application Thread] INFO  FXGL                 - FXGL-0.5.4 on DESKTOP
12:20:30.818 [JavaFX Application Thread] INFO  FXGL                 - Source code and latest versions at: https://github.com/AlmasB/FXGL
12:20:30.818 [JavaFX Application Thread] INFO  FXGL                 -              Join the FXGL chat at: https://gitter.im/AlmasB/FXGL
12:20:30.818 [JavaFX Application Thread] DEBUG FXGL                 - FXGL started
12:20:30.818 [JavaFX Application Thread] DEBUG FXGL                 - Initializing FXGL
12:20:30.857 [JavaFX Application Thread] DEBUG AssetLoader          - Loading from disk: /assets/ui/cursors/fxgl_default.png
12:20:30.896 [JavaFX Application Thread] DEBUG AssetLoader          - Loading from disk: /assets/ui/fonts/VarelaRound-Regular.ttf
12:20:31.074 [JavaFX Application Thread] DEBUG MainWindow           - Creating a JavaFX scene
12:20:31.108 [JavaFX Application Thread] DEBUG MainWindow           - Target settings size: 640.0 x 960.0
12:20:31.109 [JavaFX Application Thread] DEBUG MainWindow           - Scaled scene size:    640.0 x 960.0
12:20:31.109 [JavaFX Application Thread] DEBUG MainWindow           - Scaled ratio: (1.0, 1.0)
12:20:31.111 [JavaFX Application Thread] DEBUG AssetLoader          - Loading from disk: /assets/ui/css/fxgl_dark.css
12:20:31.115 [JavaFX Application Thread] DEBUG AssetLoader          - Loading from disk: /assets/textures/fxgl_icon.png
12:20:31.126 [JavaFX Application Thread] DEBUG MainWindow           - Opening main window
12:20:31.255 [JavaFX Application Thread] DEBUG MainWindow           - Window border size: (18.0, 47.0)
12:20:31.255 [JavaFX Application Thread] DEBUG MainWindow           - Scaled size: 640.0 x 960.0
12:20:31.255 [JavaFX Application Thread] DEBUG MainWindow           - Scaled ratio: (1.0, 1.0)
12:20:31.256 [JavaFX Application Thread] DEBUG MainWindow           - Scene size: 640.0 x 960.0
12:20:31.256 [JavaFX Application Thread] DEBUG MainWindow           - Stage size: 658.0 x 1007.0
12:20:31.285 [ForkJoinPool.commonPool-worker-9] DEBUG FS                   - Loaded DesktopFSService
12:20:31.285 [ForkJoinPool.commonPool-worker-9] DEBUG FXGL                 - Loading FXGL system data
12:20:31.290 [ForkJoinPool.commonPool-worker-9] DEBUG DesktopFSService     - Reading from: system\fxgl.bundle
12:20:31.299 [ForkJoinPool.commonPool-worker-9] DEBUG Bundle               - Logging bundle: FXGL
12:20:31.300 [ForkJoinPool.commonPool-worker-9] DEBUG Bundle               - FXGL.offline.timer.version.check=2021-05-28T11:31:02.589
12:20:31.300 [ForkJoinPool.commonPool-worker-9] DEBUG FXGL                 - Initializing state machine and application states
12:20:31.301 [ForkJoinPool.commonPool-worker-9] DEBUG AssetLoader          - Loading from disk: /assets/ui/cursors/fxgl_default.png
12:20:31.304 [ForkJoinPool.commonPool-worker-9] DEBUG AssetLoader          - Loading from disk: /assets/ui/cursors/fxgl_default.png
12:20:31.309 [ForkJoinPool.commonPool-worker-9] DEBUG AssetLoader          - Loading from cache: /assets/ui/fonts/VarelaRound-Regular.ttf
12:20:31.312 [ForkJoinPool.commonPool-worker-9] DEBUG AssetLoader          - Loading from disk: /assets/ui/cursors/fxgl_default.png
12:20:31.316 [ForkJoinPool.commonPool-worker-9] DEBUG GameScene            - Game scene initialized: 640x960
12:20:31.320 [ForkJoinPool.commonPool-worker-9] DEBUG GameWorld            - Game world initialized
12:20:31.359 [ForkJoinPool.commonPool-worker-9] DEBUG PhysicsWorld         - Physics world initialized: appHeight=960, physics.ppm=50.0
12:20:31.385 [ForkJoinPool.commonPool-worker-9] DEBUG AssetLoader          - Loading from disk: /assets/ui/cursors/fxgl_default.png
12:20:31.387 [ForkJoinPool.commonPool-worker-9] DEBUG AssetLoader          - Loading from disk: /assets/properties/languages/english.properties
12:20:31.389 [ForkJoinPool.commonPool-worker-9] DEBUG AssetLoader          - Loading from cache: /assets/ui/fonts/VarelaRound-Regular.ttf
12:20:31.389 [ForkJoinPool.commonPool-worker-9] DEBUG AssetLoader          - Loading from cache: /assets/ui/fonts/VarelaRound-Regular.ttf
12:20:31.390 [ForkJoinPool.commonPool-worker-9] DEBUG AssetLoader          - Loading from cache: /assets/ui/fonts/VarelaRound-Regular.ttf
12:20:31.400 [ForkJoinPool.commonPool-worker-9] DEBUG AssetLoader          - Loading from disk: /assets/textures/particles/trace_horizontal.png
12:20:31.421 [ForkJoinPool.commonPool-worker-9] DEBUG AssetLoader          - Loading from cache: /assets/ui/fonts/VarelaRound-Regular.ttf
12:20:31.422 [ForkJoinPool.commonPool-worker-9] DEBUG FXGL.Menu            - createMenuBodyMainMenu()
12:20:31.427 [ForkJoinPool.commonPool-worker-9] DEBUG AssetLoader          - Loading from cache: /assets/ui/fonts/VarelaRound-Regular.ttf
12:20:31.429 [ForkJoinPool.commonPool-worker-9] DEBUG AssetLoader          - Loading from cache: /assets/properties/languages/english.properties
12:20:31.432 [ForkJoinPool.commonPool-worker-9] DEBUG AssetLoader          - Loading from cache: /assets/ui/fonts/VarelaRound-Regular.ttf
12:20:31.432 [ForkJoinPool.commonPool-worker-9] DEBUG AssetLoader          - Loading from cache: /assets/properties/languages/english.properties
12:20:31.432 [ForkJoinPool.commonPool-worker-9] DEBUG FXGL.Menu            - createOptionsMenu()
12:20:31.433 [ForkJoinPool.commonPool-worker-9] DEBUG AssetLoader          - Loading from cache: /assets/ui/fonts/VarelaRound-Regular.ttf
12:20:31.433 [ForkJoinPool.commonPool-worker-9] DEBUG AssetLoader          - Loading from cache: /assets/properties/languages/english.properties
12:20:31.434 [ForkJoinPool.commonPool-worker-9] DEBUG AssetLoader          - Loading from cache: /assets/ui/fonts/VarelaRound-Regular.ttf
12:20:31.434 [ForkJoinPool.commonPool-worker-9] DEBUG AssetLoader          - Loading from cache: /assets/properties/languages/english.properties
12:20:31.434 [ForkJoinPool.commonPool-worker-9] DEBUG AssetLoader          - Loading from cache: /assets/ui/fonts/VarelaRound-Regular.ttf
12:20:31.434 [ForkJoinPool.commonPool-worker-9] DEBUG AssetLoader          - Loading from cache: /assets/properties/languages/english.properties
12:20:31.435 [ForkJoinPool.commonPool-worker-9] DEBUG AssetLoader          - Loading from cache: /assets/ui/fonts/VarelaRound-Regular.ttf
12:20:31.435 [ForkJoinPool.commonPool-worker-9] DEBUG AssetLoader          - Loading from cache: /assets/properties/languages/english.properties
12:20:31.435 [ForkJoinPool.commonPool-worker-9] DEBUG AssetLoader          - Loading from cache: /assets/ui/fonts/VarelaRound-Regular.ttf
12:20:31.435 [ForkJoinPool.commonPool-worker-9] DEBUG AssetLoader          - Loading from cache: /assets/properties/languages/english.properties
12:20:31.436 [ForkJoinPool.commonPool-worker-9] DEBUG AssetLoader          - Loading from cache: /assets/ui/fonts/VarelaRound-Regular.ttf
12:20:31.436 [ForkJoinPool.commonPool-worker-9] DEBUG AssetLoader          - Loading from cache: /assets/properties/languages/english.properties
12:20:31.436 [ForkJoinPool.commonPool-worker-9] DEBUG AssetLoader          - Loading from cache: /assets/ui/fonts/VarelaRound-Regular.ttf
12:20:31.436 [ForkJoinPool.commonPool-worker-9] DEBUG AssetLoader          - Loading from cache: /assets/properties/languages/english.properties
12:20:31.437 [ForkJoinPool.commonPool-worker-9] DEBUG AssetLoader          - Loading from cache: /assets/ui/fonts/VarelaRound-Regular.ttf
12:20:31.437 [ForkJoinPool.commonPool-worker-9] DEBUG AssetLoader          - Loading from cache: /assets/properties/languages/english.properties
12:20:31.437 [ForkJoinPool.commonPool-worker-9] DEBUG AssetLoader          - Loading from disk: /assets/textures/particles/smoke.png
12:20:31.473 [ForkJoinPool.commonPool-worker-9] DEBUG AssetLoader          - Loading from disk: /assets/ui/cursors/fxgl_default.png
12:20:31.474 [ForkJoinPool.commonPool-worker-9] DEBUG AssetLoader          - Loading from cache: /assets/properties/languages/english.properties
12:20:31.474 [ForkJoinPool.commonPool-worker-9] DEBUG AssetLoader          - Loading from cache: /assets/ui/fonts/VarelaRound-Regular.ttf
12:20:31.475 [ForkJoinPool.commonPool-worker-9] DEBUG AssetLoader          - Loading from cache: /assets/ui/fonts/VarelaRound-Regular.ttf
12:20:31.475 [ForkJoinPool.commonPool-worker-9] DEBUG AssetLoader          - Loading from cache: /assets/ui/fonts/VarelaRound-Regular.ttf
12:20:31.475 [ForkJoinPool.commonPool-worker-9] DEBUG AssetLoader          - Loading from cache: /assets/textures/particles/trace_horizontal.png@64.0x64.0
12:20:31.476 [ForkJoinPool.commonPool-worker-9] DEBUG AssetLoader          - Loading from cache: /assets/ui/fonts/VarelaRound-Regular.ttf
12:20:31.476 [ForkJoinPool.commonPool-worker-9] DEBUG FXGL.Menu            - createMenuBodyGameMenu()
12:20:31.476 [ForkJoinPool.commonPool-worker-9] DEBUG AssetLoader          - Loading from cache: /assets/ui/fonts/VarelaRound-Regular.ttf
12:20:31.476 [ForkJoinPool.commonPool-worker-9] DEBUG AssetLoader          - Loading from cache: /assets/properties/languages/english.properties
12:20:31.477 [ForkJoinPool.commonPool-worker-9] DEBUG AssetLoader          - Loading from cache: /assets/ui/fonts/VarelaRound-Regular.ttf
12:20:31.477 [ForkJoinPool.commonPool-worker-9] DEBUG AssetLoader          - Loading from cache: /assets/properties/languages/english.properties
12:20:31.477 [ForkJoinPool.commonPool-worker-9] DEBUG FXGL.Menu            - createOptionsMenu()
12:20:31.478 [ForkJoinPool.commonPool-worker-9] DEBUG AssetLoader          - Loading from cache: /assets/ui/fonts/VarelaRound-Regular.ttf
12:20:31.478 [ForkJoinPool.commonPool-worker-9] DEBUG AssetLoader          - Loading from cache: /assets/properties/languages/english.properties
12:20:31.478 [ForkJoinPool.commonPool-worker-9] DEBUG AssetLoader          - Loading from cache: /assets/ui/fonts/VarelaRound-Regular.ttf
12:20:31.478 [ForkJoinPool.commonPool-worker-9] DEBUG AssetLoader          - Loading from cache: /assets/properties/languages/english.properties
12:20:31.479 [ForkJoinPool.commonPool-worker-9] DEBUG AssetLoader          - Loading from cache: /assets/ui/fonts/VarelaRound-Regular.ttf
12:20:31.479 [ForkJoinPool.commonPool-worker-9] DEBUG AssetLoader          - Loading from cache: /assets/properties/languages/english.properties
12:20:31.479 [ForkJoinPool.commonPool-worker-9] DEBUG AssetLoader          - Loading from cache: /assets/ui/fonts/VarelaRound-Regular.ttf
12:20:31.479 [ForkJoinPool.commonPool-worker-9] DEBUG AssetLoader          - Loading from cache: /assets/properties/languages/english.properties
12:20:31.480 [ForkJoinPool.commonPool-worker-9] DEBUG AssetLoader          - Loading from cache: /assets/ui/fonts/VarelaRound-Regular.ttf
12:20:31.480 [ForkJoinPool.commonPool-worker-9] DEBUG AssetLoader          - Loading from cache: /assets/properties/languages/english.properties
12:20:31.481 [ForkJoinPool.commonPool-worker-9] DEBUG AssetLoader          - Loading from cache: /assets/ui/fonts/VarelaRound-Regular.ttf
12:20:31.481 [ForkJoinPool.commonPool-worker-9] DEBUG AssetLoader          - Loading from cache: /assets/properties/languages/english.properties
12:20:31.482 [ForkJoinPool.commonPool-worker-9] DEBUG AssetLoader          - Loading from cache: /assets/ui/fonts/VarelaRound-Regular.ttf
12:20:31.482 [ForkJoinPool.commonPool-worker-9] DEBUG AssetLoader          - Loading from cache: /assets/properties/languages/english.properties
12:20:31.483 [ForkJoinPool.commonPool-worker-9] DEBUG AssetLoader          - Loading from cache: /assets/textures/particles/smoke.png@128.0x128.0
12:20:31.516 [JavaFX Application Thread] DEBUG FXGL                 - Running preInit()
12:20:31.553 [JavaFX Application Thread] DEBUG Input                - Registered new binding: Screenshot - P
12:20:31.553 [JavaFX Application Thread] DEBUG Input                - Registered new binding: Dev Options - CTRL+0
12:20:31.553 [JavaFX Application Thread] DEBUG Input                - Registered new binding: System info dump - CTRL+9
12:20:31.554 [JavaFX Application Thread] DEBUG Input                - Registered new binding: Restart - CTRL+R
12:20:31.554 [JavaFX Application Thread] DEBUG MenuEventHandler     - generateDefaultProfile()
12:20:31.554 [JavaFX Application Thread] DEBUG MenuEventHandler     - Creating default profile
12:20:31.554 [JavaFX Application Thread] DEBUG EventBus             - Firing event: SaveEvent
12:20:31.555 [JavaFX Application Thread] DEBUG AudioPlayer          - Saving data to profile
12:20:31.556 [JavaFX Application Thread] DEBUG Bundle               - Logging bundle: audio
12:20:31.556 [JavaFX Application Thread] DEBUG Bundle               - audio.musicVolume=0.5
12:20:31.556 [JavaFX Application Thread] DEBUG Bundle               - audio.soundVolume=0.5
12:20:31.556 [JavaFX Application Thread] DEBUG Input                - Saving data to profile
12:20:31.556 [JavaFX Application Thread] DEBUG Bundle               - Logging bundle: input
12:20:31.556 [JavaFX Application Thread] DEBUG Bundle               - input.Screenshot=P
12:20:31.556 [JavaFX Application Thread] DEBUG Bundle               - input.System info dump=CTRL+9
12:20:31.556 [JavaFX Application Thread] DEBUG Bundle               - input.Restart=CTRL+R
12:20:31.556 [JavaFX Application Thread] DEBUG Bundle               - input.Dev Options=CTRL+0
12:20:31.560 [JavaFX Application Thread] DEBUG Bundle               - Logging bundle: gameplayStats
12:20:31.560 [JavaFX Application Thread] DEBUG Bundle               - gameplayStats.playtime=0
12:20:31.562 [JavaFX Application Thread] DEBUG AchievementManager   - Saving data to profile
12:20:31.562 [JavaFX Application Thread] DEBUG Bundle               - Logging bundle: achievement
12:20:31.562 [JavaFX Application Thread] INFO  FXGL                 - FXGL initialization took: 0.744 sec
12:20:31.562 [JavaFX Application Thread] DEBUG LoopRunner           - Starting loop
12:20:31.564 [JavaFX Application Thread] DEBUG StartupState         - STARTUP
12:20:31.564 [JavaFX Application Thread] DEBUG Input                - Clearing active input actions
12:20:31.565 [JavaFX Application Thread] DEBUG AssetLoader          - Loading from disk: /assets/ui/css/fxgl_dark.css
12:20:31.576 [JavaFX Application Thread] DEBUG AppStateMachine      - StartupState -> MainMenuState
12:20:31.580 [JavaFX Application Thread] DEBUG AssetLoader          - Loading from cache: /assets/properties/languages/english.properties
12:20:31.580 [JavaFX Application Thread] DEBUG AssetLoader          - Loading from cache: /assets/ui/fonts/VarelaRound-Regular.ttf
12:20:31.580 [JavaFX Application Thread] DEBUG AssetLoader          - Loading from cache: /assets/properties/languages/english.properties
12:20:31.581 [JavaFX Application Thread] DEBUG AssetLoader          - Loading from cache: /assets/ui/fonts/VarelaRound-Regular.ttf
12:20:31.581 [JavaFX Application Thread] DEBUG AssetLoader          - Loading from cache: /assets/properties/languages/english.properties
12:20:31.581 [JavaFX Application Thread] DEBUG AssetLoader          - Loading from cache: /assets/ui/fonts/VarelaRound-Regular.ttf
12:20:31.583 [JavaFX Application Thread] DEBUG SaveLoadManager      - Checking profiles dir: profiles/
12:20:31.583 [JavaFX Application Thread] DEBUG SaveLoadManager      - Creating non-existent profiles dir
12:20:31.585 [JavaFX Application Thread] DEBUG SaveLoadManager      - Loading profile names
12:20:31.586 [JavaFX Application Thread] DEBUG AssetLoader          - Loading from cache: /assets/properties/languages/english.properties
12:20:31.587 [JavaFX Application Thread] DEBUG AssetLoader          - Loading from cache: /assets/ui/fonts/VarelaRound-Regular.ttf
12:20:31.588 [JavaFX Application Thread] DEBUG AssetLoader          - Loading from cache: /assets/ui/fonts/VarelaRound-Regular.ttf
12:20:31.588 [JavaFX Application Thread] DEBUG AppStateMachine      - Push state: DialogSubState
12:20:31.588 [JavaFX Application Thread] DEBUG Input                - Clearing active input actions
12:20:31.588 [JavaFX Application Thread] DEBUG AppStateMachine      - MainMenuState -> DialogSubState
12:20:31.643 [JavaFX Application Thread] DEBUG AppStateMachine      - Pop state: DialogSubState
12:20:31.643 [JavaFX Application Thread] DEBUG Input                - Clearing active input actions
12:20:31.644 [JavaFX Application Thread] DEBUG AppStateMachine      - MainMenuState <- DialogSubState
12:20:31.644 [JavaFX Application Thread] DEBUG AssetLoader          - Loading from cache: /assets/properties/languages/english.properties
12:20:31.644 [JavaFX Application Thread] DEBUG AssetLoader          - Loading from cache: /assets/ui/fonts/VarelaRound-Regular.ttf
12:20:31.645 [JavaFX Application Thread] DEBUG AssetLoader          - Loading from cache: /assets/ui/fonts/VarelaRound-Regular.ttf
12:20:31.645 [JavaFX Application Thread] DEBUG AppStateMachine      - Push state: DialogSubState
12:20:31.645 [JavaFX Application Thread] DEBUG Input                - Clearing active input actions
12:20:31.645 [JavaFX Application Thread] DEBUG AppStateMachine      - MainMenuState -> DialogSubState
12:20:32.261 [JavaFX Application Thread] FATAL FXGL                 - Uncaught Exception:

Fatal exception occurred: java.lang.UnsatisfiedLinkError : Can't load library: C:\Users\ASuS\.jdks\corretto-1.8.0_282\jre\bin\glib-lite.dll
E: java.lang.ClassLoader.loadLibrary(ClassLoader.java:1820)
E: java.lang.Runtime.load0(Runtime.java:810)
E: java.lang.System.load(System.java:1088)
E: com.sun.glass.utils.NativeLibLoader.loadLibraryFullPath(NativeLibLoader.java:201)
E: com.sun.glass.utils.NativeLibLoader.loadLibraryInternal(NativeLibLoader.java:94)
E: com.sun.glass.utils.NativeLibLoader.loadLibrary(NativeLibLoader.java:39)
E: com.sun.media.jfxmediaimpl.NativeMediaManager.lambda$new$0(NativeMediaManager.java:108)
E: java.security.AccessController.doPrivileged(Native Method)
E: com.sun.media.jfxmediaimpl.NativeMediaManager.<init>(NativeMediaManager.java:106)
E: com.sun.media.jfxmediaimpl.NativeMediaManager$NativeMediaManagerInitializer.<clinit>(NativeMediaManager.java:77)
E: com.sun.media.jfxmediaimpl.NativeMediaManager.getDefaultInstance(NativeMediaManager.java:89)
E: com.sun.media.jfxmedia.MediaManager.canPlayProtocol(MediaManager.java:78)
E: com.sun.media.jfxmedia.locator.Locator.<init>(Locator.java:239)
E: com.sun.media.jfxmediaimpl.NativeMediaAudioClip.<init>(NativeMediaAudioClip.java:53)
E: com.sun.media.jfxmediaimpl.NativeMediaAudioClip.load(NativeMediaAudioClip.java:63)
E: com.sun.media.jfxmediaimpl.AudioClipProvider.load(AudioClipProvider.java:66)
E: com.sun.media.jfxmedia.AudioClip.load(AudioClip.java:135)
E: javafx.scene.media.AudioClip.<init>(AudioClip.java:83)
E: com.gluonhq.charm.down.plugins.desktop.DesktopAudioService.loadAudioImpl(DesktopAudioService.java:24)
E: com.gluonhq.impl.charm.down.plugins.DefaultAudioService.loadAudio(DefaultAudioService.java:24)
E: com.almasb.fxgl.asset.AssetLoader.loadSound(AssetLoader.kt:289)
E: com.almasb.fxgl.audio.AudioPlayer.playSound(AudioPlayer.kt:129)
E: com.almasb.fxgl.ui.FXGLButton.lambda$new$1(FXGLButton.java:36)
E: com.sun.javafx.event.CompositeEventHandler.dispatchBubblingEvent(CompositeEventHandler.java:86)
E: com.sun.javafx.event.EventHandlerManager.dispatchBubblingEvent(EventHandlerManager.java:238)
E: com.sun.javafx.event.EventHandlerManager.dispatchBubblingEvent(EventHandlerManager.java:191)
E: com.sun.javafx.event.CompositeEventDispatcher.dispatchBubblingEvent(CompositeEventDispatcher.java:59)
E: com.sun.javafx.event.BasicEventDispatcher.dispatchEvent(BasicEventDispatcher.java:58)
E: com.sun.javafx.event.EventDispatchChainImpl.dispatchEvent(EventDispatchChainImpl.java:114)
E: com.sun.javafx.event.BasicEventDispatcher.dispatchEvent(BasicEventDispatcher.java:56)
E: com.sun.javafx.event.EventDispatchChainImpl.dispatchEvent(EventDispatchChainImpl.java:114)
E: com.sun.javafx.event.BasicEventDispatcher.dispatchEvent(BasicEventDispatcher.java:56)
E: com.sun.javafx.event.EventDispatchChainImpl.dispatchEvent(EventDispatchChainImpl.java:114)
E: com.sun.javafx.event.BasicEventDispatcher.dispatchEvent(BasicEventDispatcher.java:56)
E: com.sun.javafx.event.EventDispatchChainImpl.dispatchEvent(EventDispatchChainImpl.java:114)
E: com.sun.javafx.event.EventUtil.fireEventImpl(EventUtil.java:74)
E: com.sun.javafx.event.EventUtil.fireEvent(EventUtil.java:54)
E: javafx.event.Event.fireEvent(Event.java:198)
E: com.sun.javafx.event.EventQueue.fire(EventQueue.java:48)
E: javafx.scene.Scene$MouseHandler.handleEnterExit(Scene.java:3676)
E: javafx.scene.Scene$MouseHandler.process(Scene.java:3742)
E: javafx.scene.Scene$MouseHandler.access$1500(Scene.java:3485)
E: javafx.scene.Scene.impl_processMouseEvent(Scene.java:1762)
E: javafx.scene.Scene$ScenePeerListener.mouseEvent(Scene.java:2494)
E: com.sun.javafx.tk.quantum.GlassViewEventHandler$MouseEventNotification.run(GlassViewEventHandler.java:394)
E: com.sun.javafx.tk.quantum.GlassViewEventHandler$MouseEventNotification.run(GlassViewEventHandler.java:295)
E: java.security.AccessController.doPrivileged(Native Method)
E: com.sun.javafx.tk.quantum.GlassViewEventHandler.lambda$handleMouseEvent$2(GlassViewEventHandler.java:432)
E: com.sun.javafx.tk.quantum.QuantumToolkit.runWithoutRenderLock(QuantumToolkit.java:389)
E: com.sun.javafx.tk.quantum.GlassViewEventHandler.handleMouseEvent(GlassViewEventHandler.java:431)
E: com.sun.glass.ui.View.handleMouseEvent(View.java:555)
E: com.sun.glass.ui.View.notifyMouse(View.java:937)
E: com.sun.glass.ui.win.WinApplication._runLoop(Native Method)
E: com.sun.glass.ui.win.WinApplication.lambda$null$3(WinApplication.java:177)
E: java.lang.Thread.run(Thread.java:748)

12:20:32.261 [JavaFX Application Thread] FATAL FXGL                 - Application will now exit
12:20:32.261 [JavaFX Application Thread] DEBUG LoopRunner           - Stopping loop
12:20:35.434 [JavaFX Application Thread] DEBUG FXGL                 - Exiting FXGL
12:20:35.434 [JavaFX Application Thread] DEBUG FXGL                 - Shutting down background threads
12:20:35.434 [JavaFX Application Thread] DEBUG FXGL                 - Saving FXGL system data
12:20:35.435 [JavaFX Application Thread] DEBUG DesktopFSService     - Writing to: system\fxgl.bundle
12:20:35.438 [JavaFX Application Thread] DEBUG FXGL                 - Closing logger and exiting JavaFX
